# JRE version: Java(TM) SE Runtime Environment (8.0_161-b12) (build 1.8.0_161-b12)
# Java VM: Java HotSpot(TM) 64-Bit Server VM (25.161-b12 mixed mode windows-amd64 compressed oops)
Heap:
 PSYoungGen      total 23040K, used 5461K [0x00000000eb400000, 0x00000000ed700000, 0x0000000100000000)
  eden space 20480K, 14% used [0x00000000eb400000,0x00000000eb6dd340,0x00000000ec800000)
  from space 2560K, 98% used [0x00000000ed280000,0x00000000ed4f8460,0x00000000ed500000)
  to   space 2048K, 0% used [0x00000000ed500000,0x00000000ed500000,0x00000000ed700000)
 ParOldGen       total 61952K, used 18860K [0x00000000c1c00000, 0x00000000c5880000, 0x00000000eb400000)
  object space 61952K, 30% used [0x00000000c1c00000,0x00000000c2e6b050,0x00000000c5880000)
 Metaspace       used 17127K, capacity 17394K, committed 17792K, reserved 1064960K
  class space    used 2039K, capacity 2111K, committed 2176K, reserved 1048576K
GC Heap History (8 events):
Event: 0.424 GC heap before
{Heap before GC invocations=1 (full 0):
 PSYoungGen      total 18944K, used 16384K [0x00000000eb400000, 0x00000000ec900000, 0x0000000100000000)
  eden space 16384K, 100% used [0x00000000eb400000,0x00000000ec400000,0x00000000ec400000)
  from space 2560K, 0% used [0x00000000ec680000,0x00000000ec680000,0x00000000ec900000)
  to   space 2560K, 0% used [0x00000000ec400000,0x00000000ec400000,0x00000000ec680000)
 ParOldGen       total 44032K, used 0K [0x00000000c1c00000, 0x00000000c4700000, 0x00000000eb400000)
  object space 44032K, 0% used [0x00000000c1c00000,0x00000000c1c00000,0x00000000c4700000)
 Metaspace       used 10939K, capacity 11148K, committed 11520K, reserved 1058816K
  class space    used 1380K, capacity 1450K, committed 1536K, reserved 1048576K
Event: 0.433 GC heap after
Heap after GC invocations=1 (full 0):
 PSYoungGen      total 18944K, used 2192K [0x00000000eb400000, 0x00000000ed900000, 0x0000000100000000)
  eden space 16384K, 0% used [0x00000000eb400000,0x00000000eb400000,0x00000000ec400000)
  from space 2560K, 85% used [0x00000000ec400000,0x00000000ec624010,0x00000000ec680000)
  to   space 2560K, 0% used [0x00000000ed680000,0x00000000ed680000,0x00000000ed900000)
 ParOldGen       total 44032K, used 24316K [0x00000000c1c00000, 0x00000000c4700000, 0x00000000eb400000)
  object space 44032K, 55% used [0x00000000c1c00000,0x00000000c33bf030,0x00000000c4700000)
 Metaspace       used 10939K, capacity 11148K, committed 11520K, reserved 1058816K
  class space    used 1380K, capacity 1450K, committed 1536K, reserved 1048576K
}
Event: 0.433 GC heap before
{Heap before GC invocations=2 (full 1):
 PSYoungGen      total 18944K, used 2192K [0x00000000eb400000, 0x00000000ed900000, 0x0000000100000000)
  eden space 16384K, 0% used [0x00000000eb400000,0x00000000eb400000,0x00000000ec400000)
  from space 2560K, 85% used [0x00000000ec400000,0x00000000ec624010,0x00000000ec680000)
  to   space 2560K, 0% used [0x00000000ed680000,0x00000000ed680000,0x00000000ed900000)
 ParOldGen       total 44032K, used 24316K [0x00000000c1c00000, 0x00000000c4700000, 0x00000000eb400000)
  object space 44032K, 55% used [0x00000000c1c00000,0x00000000c33bf030,0x00000000c4700000)
 Metaspace       used 10939K, capacity 11148K, committed 11520K, reserved 1058816K
  class space    used 1380K, capacity 1450K, committed 1536K, reserved 1048576K
Event: 0.448 GC heap after
Heap after GC invocations=2 (full 1):
 PSYoungGen      total 18944K, used 0K [0x00000000eb400000, 0x00000000ed900000, 0x0000000100000000)
  eden space 16384K, 0% used [0x00000000eb400000,0x00000000eb400000,0x00000000ec400000)
  from space 2560K, 0% used [0x00000000ec400000,0x00000000ec400000,0x00000000ec680000)
  to   space 2560K, 0% used [0x00000000ed680000,0x00000000ed680000,0x00000000ed900000)
 ParOldGen       total 61952K, used 10244K [0x00000000c1c00000, 0x00000000c5880000, 0x00000000eb400000)
  object space 61952K, 16% used [0x00000000c1c00000,0x00000000c2601210,0x00000000c5880000)
 Metaspace       used 10939K, capacity 11148K, committed 11520K, reserved 1058816K
  class space    used 1380K, capacity 1450K, committed 1536K, reserved 1048576K
}
Event: 20.918 GC heap before
{Heap before GC invocations=3 (full 1):
 PSYoungGen      total 18944K, used 16384K [0x00000000eb400000, 0x00000000ed900000, 0x0000000100000000)
  eden space 16384K, 100% used [0x00000000eb400000,0x00000000ec400000,0x00000000ec400000)
  from space 2560K, 0% used [0x00000000ec400000,0x00000000ec400000,0x00000000ec680000)
  to   space 2560K, 0% used [0x00000000ed680000,0x00000000ed680000,0x00000000ed900000)
 ParOldGen       total 61952K, used 10244K [0x00000000c1c00000, 0x00000000c5880000, 0x00000000eb400000)
  object space 61952K, 16% used [0x00000000c1c00000,0x00000000c2601210,0x00000000c5880000)
 Metaspace       used 12969K, capacity 13212K, committed 13568K, reserved 1060864K
  class space    used 1638K, capacity 1708K, committed 1792K, reserved 1048576K
Event: 20.924 GC heap after
Heap after GC invocations=3 (full 1):
 PSYoungGen      total 21504K, used 768K [0x00000000eb400000, 0x00000000ed780000, 0x0000000100000000)
  eden space 20480K, 0% used [0x00000000eb400000,0x00000000eb400000,0x00000000ec800000)
  from space 1024K, 75% used [0x00000000ed680000,0x00000000ed740000,0x00000000ed780000)
  to   space 2560K, 0% used [0x00000000ed280000,0x00000000ed280000,0x00000000ed500000)
 ParOldGen       total 61952K, used 17445K [0x00000000c1c00000, 0x00000000c5880000, 0x00000000eb400000)
  object space 61952K, 28% used [0x00000000c1c00000,0x00000000c2d09620,0x00000000c5880000)
 Metaspace       used 12969K, capacity 13212K, committed 13568K, reserved 1060864K
  class space    used 1638K, capacity 1708K, committed 1792K, reserved 1048576K
}
Event: 50.652 GC heap before
{Heap before GC invocations=4 (full 1):
 PSYoungGen      total 21504K, used 21248K [0x00000000eb400000, 0x00000000ed780000, 0x0000000100000000)
  eden space 20480K, 100% used [0x00000000eb400000,0x00000000ec800000,0x00000000ec800000)
  from space 1024K, 75% used [0x00000000ed680000,0x00000000ed740000,0x00000000ed780000)
  to   space 2560K, 0% used [0x00000000ed280000,0x00000000ed280000,0x00000000ed500000)
 ParOldGen       total 61952K, used 17445K [0x00000000c1c00000, 0x00000000c5880000, 0x00000000eb400000)
  object space 61952K, 28% used [0x00000000c1c00000,0x00000000c2d09620,0x00000000c5880000)
 Metaspace       used 16666K, capacity 16978K, committed 17280K, reserved 1064960K
  class space    used 1991K, capacity 2079K, committed 2176K, reserved 1048576K
Event: 50.656 GC heap after
Heap after GC invocations=4 (full 1):
 PSYoungGen      total 23040K, used 2529K [0x00000000eb400000, 0x00000000ed700000, 0x0000000100000000)
  eden space 20480K, 0% used [0x00000000eb400000,0x00000000eb400000,0x00000000ec800000)
  from space 2560K, 98% used [0x00000000ed280000,0x00000000ed4f8460,0x00000000ed500000)
  to   space 2048K, 0% used [0x00000000ed500000,0x00000000ed500000,0x00000000ed700000)
 ParOldGen       total 61952K, used 18860K [0x00000000c1c00000, 0x00000000c5880000, 0x00000000eb400000)
  object space 61952K, 30% used [0x00000000c1c00000,0x00000000c2e6b050,0x00000000c5880000)
 Metaspace       used 16666K, capacity 16978K, committed 17280K, reserved 1064960K
  class space    used 1991K, capacity 2079K, committed 2176K, reserved 1048576K
}

