# JRE version: Java(TM) SE Runtime Environment (8.0_161-b12) (build 1.8.0_161-b12)
# Java VM: Java HotSpot(TM) 64-Bit Server VM (25.161-b12 mixed mode windows-amd64 compressed oops)
Heap:
 PSYoungGen      total 21504K, used 18191K [0x00000000eb400000, 0x00000000ed800000, 0x0000000100000000)
  eden space 19968K, 84% used [0x00000000eb400000,0x00000000ec48e328,0x00000000ec780000)
  from space 1536K, 80% used [0x00000000ed680000,0x00000000ed7b59c0,0x00000000ed800000)
  to   space 2560K, 0% used [0x00000000ed300000,0x00000000ed300000,0x00000000ed580000)
 ParOldGen       total 62464K, used 17446K [0x00000000c1c00000, 0x00000000c5900000, 0x00000000eb400000)
  object space 62464K, 27% used [0x00000000c1c00000,0x00000000c2d09898,0x00000000c5900000)
 Metaspace       used 17001K, capacity 17266K, committed 17536K, reserved 1064960K
  class space    used 2037K, capacity 2111K, committed 2176K, reserved 1048576K
GC Heap History (6 events):
Event: 2.340 GC heap before
{Heap before GC invocations=1 (full 0):
 PSYoungGen      total 18944K, used 16384K [0x00000000eb400000, 0x00000000ec900000, 0x0000000100000000)
  eden space 16384K, 100% used [0x00000000eb400000,0x00000000ec400000,0x00000000ec400000)
  from space 2560K, 0% used [0x00000000ec680000,0x00000000ec680000,0x00000000ec900000)
  to   space 2560K, 0% used [0x00000000ec400000,0x00000000ec400000,0x00000000ec680000)
 ParOldGen       total 44032K, used 0K [0x00000000c1c00000, 0x00000000c4700000, 0x00000000eb400000)
  object space 44032K, 0% used [0x00000000c1c00000,0x00000000c1c00000,0x00000000c4700000)
 Metaspace       used 10960K, capacity 11148K, committed 11520K, reserved 1058816K
  class space    used 1381K, capacity 1450K, committed 1536K, reserved 1048576K
Event: 2.379 GC heap after
Heap after GC invocations=1 (full 0):
 PSYoungGen      total 18944K, used 2240K [0x00000000eb400000, 0x00000000ed900000, 0x0000000100000000)
  eden space 16384K, 0% used [0x00000000eb400000,0x00000000eb400000,0x00000000ec400000)
  from space 2560K, 87% used [0x00000000ec400000,0x00000000ec630020,0x00000000ec680000)
  to   space 2560K, 0% used [0x00000000ed680000,0x00000000ed680000,0x00000000ed900000)
 ParOldGen       total 44032K, used 24316K [0x00000000c1c00000, 0x00000000c4700000, 0x00000000eb400000)
  object space 44032K, 55% used [0x00000000c1c00000,0x00000000c33bf030,0x00000000c4700000)
 Metaspace       used 10960K, capacity 11148K, committed 11520K, reserved 1058816K
  class space    used 1381K, capacity 1450K, committed 1536K, reserved 1048576K
}
Event: 2.379 GC heap before
{Heap before GC invocations=2 (full 1):
 PSYoungGen      total 18944K, used 2240K [0x00000000eb400000, 0x00000000ed900000, 0x0000000100000000)
  eden space 16384K, 0% used [0x00000000eb400000,0x00000000eb400000,0x00000000ec400000)
  from space 2560K, 87% used [0x00000000ec400000,0x00000000ec630020,0x00000000ec680000)
  to   space 2560K, 0% used [0x00000000ed680000,0x00000000ed680000,0x00000000ed900000)
 ParOldGen       total 44032K, used 24316K [0x00000000c1c00000, 0x00000000c4700000, 0x00000000eb400000)
  object space 44032K, 55% used [0x00000000c1c00000,0x00000000c33bf030,0x00000000c4700000)
 Metaspace       used 10960K, capacity 11148K, committed 11520K, reserved 1058816K
  class space    used 1381K, capacity 1450K, committed 1536K, reserved 1048576K
Event: 2.456 GC heap after
Heap after GC invocations=2 (full 1):
 PSYoungGen      total 18944K, used 0K [0x00000000eb400000, 0x00000000ed900000, 0x0000000100000000)
  eden space 16384K, 0% used [0x00000000eb400000,0x00000000eb400000,0x00000000ec400000)
  from space 2560K, 0% used [0x00000000ec400000,0x00000000ec400000,0x00000000ec680000)
  to   space 2560K, 0% used [0x00000000ed680000,0x00000000ed680000,0x00000000ed900000)
 ParOldGen       total 62464K, used 10245K [0x00000000c1c00000, 0x00000000c5900000, 0x00000000eb400000)
  object space 62464K, 16% used [0x00000000c1c00000,0x00000000c2601488,0x00000000c5900000)
 Metaspace       used 10960K, capacity 11148K, committed 11520K, reserved 1058816K
  class space    used 1381K, capacity 1450K, committed 1536K, reserved 1048576K
}
Event: 13.915 GC heap before
{Heap before GC invocations=3 (full 1):
 PSYoungGen      total 18944K, used 16384K [0x00000000eb400000, 0x00000000ed900000, 0x0000000100000000)
  eden space 16384K, 100% used [0x00000000eb400000,0x00000000ec400000,0x00000000ec400000)
  from space 2560K, 0% used [0x00000000ec400000,0x00000000ec400000,0x00000000ec680000)
  to   space 2560K, 0% used [0x00000000ed680000,0x00000000ed680000,0x00000000ed900000)
 ParOldGen       total 62464K, used 10245K [0x00000000c1c00000, 0x00000000c5900000, 0x00000000eb400000)
  object space 62464K, 16% used [0x00000000c1c00000,0x00000000c2601488,0x00000000c5900000)
 Metaspace       used 14215K, capacity 14428K, committed 14720K, reserved 1062912K
  class space    used 1754K, capacity 1836K, committed 1920K, reserved 1048576K
Event: 13.922 GC heap after
Heap after GC invocations=3 (full 1):
 PSYoungGen      total 21504K, used 1238K [0x00000000eb400000, 0x00000000ed800000, 0x0000000100000000)
  eden space 19968K, 0% used [0x00000000eb400000,0x00000000eb400000,0x00000000ec780000)
  from space 1536K, 80% used [0x00000000ed680000,0x00000000ed7b59c0,0x00000000ed800000)
  to   space 2560K, 0% used [0x00000000ed300000,0x00000000ed300000,0x00000000ed580000)
 ParOldGen       total 62464K, used 17446K [0x00000000c1c00000, 0x00000000c5900000, 0x00000000eb400000)
  object space 62464K, 27% used [0x00000000c1c00000,0x00000000c2d09898,0x00000000c5900000)
 Metaspace       used 14215K, capacity 14428K, committed 14720K, reserved 1062912K
  class space    used 1754K, capacity 1836K, committed 1920K, reserved 1048576K
}

