# JRE version: Java(TM) SE Runtime Environment (8.0_161-b12) (build 1.8.0_161-b12)
# Java VM: Java HotSpot(TM) 64-Bit Server VM (25.161-b12 mixed mode windows-amd64 compressed oops)
Heap:
 PSYoungGen      total 24064K, used 18631K [0x00000000eb400000, 0x00000000ecd00000, 0x0000000100000000)
  eden space 22528K, 80% used [0x00000000eb400000,0x00000000ec5c1dd0,0x00000000eca00000)
  from space 1536K, 29% used [0x00000000eca00000,0x00000000eca70000,0x00000000ecb80000)
  to   space 1536K, 0% used [0x00000000ecb80000,0x00000000ecb80000,0x00000000ecd00000)
 ParOldGen       total 62976K, used 18209K [0x00000000c1c00000, 0x00000000c5980000, 0x00000000eb400000)
  object space 62976K, 28% used [0x00000000c1c00000,0x00000000c2dc8640,0x00000000c5980000)
 Metaspace       used 17240K, capacity 17518K, committed 17792K, reserved 1064960K
  class space    used 2039K, capacity 2111K, committed 2176K, reserved 1048576K
GC Heap History (10 events):
Event: 96.613 GC heap before
{Heap before GC invocations=20 (full 1):
 PSYoungGen      total 24064K, used 22752K [0x00000000eb400000, 0x00000000ecd00000, 0x0000000100000000)
  eden space 22528K, 100% used [0x00000000eb400000,0x00000000eca00000,0x00000000eca00000)
  from space 1536K, 14% used [0x00000000ecb80000,0x00000000ecbb8000,0x00000000ecd00000)
  to   space 1536K, 0% used [0x00000000eca00000,0x00000000eca00000,0x00000000ecb80000)
 ParOldGen       total 62976K, used 18029K [0x00000000c1c00000, 0x00000000c5980000, 0x00000000eb400000)
  object space 62976K, 28% used [0x00000000c1c00000,0x00000000c2d9b760,0x00000000c5980000)
 Metaspace       used 12944K, capacity 13208K, committed 13312K, reserved 1060864K
  class space    used 1610K, capacity 1708K, committed 1792K, reserved 1048576K
Event: 96.614 GC heap after
Heap after GC invocations=20 (full 1):
 PSYoungGen      total 24064K, used 288K [0x00000000eb400000, 0x00000000ecd00000, 0x0000000100000000)
  eden space 22528K, 0% used [0x00000000eb400000,0x00000000eb400000,0x00000000eca00000)
  from space 1536K, 18% used [0x00000000eca00000,0x00000000eca48000,0x00000000ecb80000)
  to   space 1536K, 0% used [0x00000000ecb80000,0x00000000ecb80000,0x00000000ecd00000)
 ParOldGen       total 62976K, used 18045K [0x00000000c1c00000, 0x00000000c5980000, 0x00000000eb400000)
  object space 62976K, 28% used [0x00000000c1c00000,0x00000000c2d9f760,0x00000000c5980000)
 Metaspace       used 12944K, capacity 13208K, committed 13312K, reserved 1060864K
  class space    used 1610K, capacity 1708K, committed 1792K, reserved 1048576K
}
Event: 100.345 GC heap before
{Heap before GC invocations=21 (full 1):
 PSYoungGen      total 24064K, used 22816K [0x00000000eb400000, 0x00000000ecd00000, 0x0000000100000000)
  eden space 22528K, 100% used [0x00000000eb400000,0x00000000eca00000,0x00000000eca00000)
  from space 1536K, 18% used [0x00000000eca00000,0x00000000eca48000,0x00000000ecb80000)
  to   space 1536K, 0% used [0x00000000ecb80000,0x00000000ecb80000,0x00000000ecd00000)
 ParOldGen       total 62976K, used 18045K [0x00000000c1c00000, 0x00000000c5980000, 0x00000000eb400000)
  object space 62976K, 28% used [0x00000000c1c00000,0x00000000c2d9f760,0x00000000c5980000)
 Metaspace       used 12944K, capacity 13208K, committed 13312K, reserved 1060864K
  class space    used 1610K, capacity 1708K, committed 1792K, reserved 1048576K
Event: 100.346 GC heap after
Heap after GC invocations=21 (full 1):
 PSYoungGen      total 24064K, used 256K [0x00000000eb400000, 0x00000000ecd00000, 0x0000000100000000)
  eden space 22528K, 0% used [0x00000000eb400000,0x00000000eb400000,0x00000000eca00000)
  from space 1536K, 16% used [0x00000000ecb80000,0x00000000ecbc0000,0x00000000ecd00000)
  to   space 1536K, 0% used [0x00000000eca00000,0x00000000eca00000,0x00000000ecb80000)
 ParOldGen       total 62976K, used 18097K [0x00000000c1c00000, 0x00000000c5980000, 0x00000000eb400000)
  object space 62976K, 28% used [0x00000000c1c00000,0x00000000c2dac530,0x00000000c5980000)
 Metaspace       used 12944K, capacity 13208K, committed 13312K, reserved 1060864K
  class space    used 1610K, capacity 1708K, committed 1792K, reserved 1048576K
}
Event: 104.671 GC heap before
{Heap before GC invocations=22 (full 1):
 PSYoungGen      total 24064K, used 22784K [0x00000000eb400000, 0x00000000ecd00000, 0x0000000100000000)
  eden space 22528K, 100% used [0x00000000eb400000,0x00000000eca00000,0x00000000eca00000)
  from space 1536K, 16% used [0x00000000ecb80000,0x00000000ecbc0000,0x00000000ecd00000)
  to   space 1536K, 0% used [0x00000000eca00000,0x00000000eca00000,0x00000000ecb80000)
 ParOldGen       total 62976K, used 18097K [0x00000000c1c00000, 0x00000000c5980000, 0x00000000eb400000)
  object space 62976K, 28% used [0x00000000c1c00000,0x00000000c2dac530,0x00000000c5980000)
 Metaspace       used 12944K, capacity 13208K, committed 13312K, reserved 1060864K
  class space    used 1610K, capacity 1708K, committed 1792K, reserved 1048576K
Event: 104.672 GC heap after
Heap after GC invocations=22 (full 1):
 PSYoungGen      total 24064K, used 256K [0x00000000eb400000, 0x00000000ecd00000, 0x0000000100000000)
  eden space 22528K, 0% used [0x00000000eb400000,0x00000000eb400000,0x00000000eca00000)
  from space 1536K, 16% used [0x00000000eca00000,0x00000000eca40000,0x00000000ecb80000)
  to   space 1536K, 0% used [0x00000000ecb80000,0x00000000ecb80000,0x00000000ecd00000)
 ParOldGen       total 62976K, used 18097K [0x00000000c1c00000, 0x00000000c5980000, 0x00000000eb400000)
  object space 62976K, 28% used [0x00000000c1c00000,0x00000000c2dac530,0x00000000c5980000)
 Metaspace       used 12944K, capacity 13208K, committed 13312K, reserved 1060864K
  class space    used 1610K, capacity 1708K, committed 1792K, reserved 1048576K
}
Event: 110.301 GC heap before
{Heap before GC invocations=23 (full 1):
 PSYoungGen      total 24064K, used 22784K [0x00000000eb400000, 0x00000000ecd00000, 0x0000000100000000)
  eden space 22528K, 100% used [0x00000000eb400000,0x00000000eca00000,0x00000000eca00000)
  from space 1536K, 16% used [0x00000000eca00000,0x00000000eca40000,0x00000000ecb80000)
  to   space 1536K, 0% used [0x00000000ecb80000,0x00000000ecb80000,0x00000000ecd00000)
 ParOldGen       total 62976K, used 18097K [0x00000000c1c00000, 0x00000000c5980000, 0x00000000eb400000)
  object space 62976K, 28% used [0x00000000c1c00000,0x00000000c2dac530,0x00000000c5980000)
 Metaspace       used 12944K, capacity 13208K, committed 13312K, reserved 1060864K
  class space    used 1610K, capacity 1708K, committed 1792K, reserved 1048576K
Event: 110.302 GC heap after
Heap after GC invocations=23 (full 1):
 PSYoungGen      total 24064K, used 256K [0x00000000eb400000, 0x00000000ecd00000, 0x0000000100000000)
  eden space 22528K, 0% used [0x00000000eb400000,0x00000000eb400000,0x00000000eca00000)
  from space 1536K, 16% used [0x00000000ecb80000,0x00000000ecbc0000,0x00000000ecd00000)
  to   space 1536K, 0% used [0x00000000eca00000,0x00000000eca00000,0x00000000ecb80000)
 ParOldGen       total 62976K, used 18113K [0x00000000c1c00000, 0x00000000c5980000, 0x00000000eb400000)
  object space 62976K, 28% used [0x00000000c1c00000,0x00000000c2db0530,0x00000000c5980000)
 Metaspace       used 12944K, capacity 13208K, committed 13312K, reserved 1060864K
  class space    used 1610K, capacity 1708K, committed 1792K, reserved 1048576K
}
Event: 117.562 GC heap before
{Heap before GC invocations=24 (full 1):
 PSYoungGen      total 24064K, used 22784K [0x00000000eb400000, 0x00000000ecd00000, 0x0000000100000000)
  eden space 22528K, 100% used [0x00000000eb400000,0x00000000eca00000,0x00000000eca00000)
  from space 1536K, 16% used [0x00000000ecb80000,0x00000000ecbc0000,0x00000000ecd00000)
  to   space 1536K, 0% used [0x00000000eca00000,0x00000000eca00000,0x00000000ecb80000)
 ParOldGen       total 62976K, used 18113K [0x00000000c1c00000, 0x00000000c5980000, 0x00000000eb400000)
  object space 62976K, 28% used [0x00000000c1c00000,0x00000000c2db0530,0x00000000c5980000)
 Metaspace       used 13218K, capacity 13496K, committed 13568K, reserved 1060864K
  class space    used 1638K, capacity 1740K, committed 1792K, reserved 1048576K
Event: 117.568 GC heap after
Heap after GC invocations=24 (full 1):
 PSYoungGen      total 24064K, used 448K [0x00000000eb400000, 0x00000000ecd00000, 0x0000000100000000)
  eden space 22528K, 0% used [0x00000000eb400000,0x00000000eb400000,0x00000000eca00000)
  from space 1536K, 29% used [0x00000000eca00000,0x00000000eca70000,0x00000000ecb80000)
  to   space 1536K, 0% used [0x00000000ecb80000,0x00000000ecb80000,0x00000000ecd00000)
 ParOldGen       total 62976K, used 18209K [0x00000000c1c00000, 0x00000000c5980000, 0x00000000eb400000)
  object space 62976K, 28% used [0x00000000c1c00000,0x00000000c2dc8640,0x00000000c5980000)
 Metaspace       used 13218K, capacity 13496K, committed 13568K, reserved 1060864K
  class space    used 1638K, capacity 1740K, committed 1792K, reserved 1048576K
}

