# JRE version: Java(TM) SE Runtime Environment (8.0_161-b12) (build 1.8.0_161-b12)
# Java VM: Java HotSpot(TM) 64-Bit Server VM (25.161-b12 mixed mode windows-amd64 compressed oops)
Heap:
 PSYoungGen      total 23040K, used 18570K [0x00000000eb400000, 0x00000000ed800000, 0x0000000100000000)
  eden space 21504K, 80% used [0x00000000eb400000,0x00000000ec4fbf40,0x00000000ec900000)
  from space 1536K, 76% used [0x00000000ed680000,0x00000000ed7a6af8,0x00000000ed800000)
  to   space 2560K, 0% used [0x00000000ed300000,0x00000000ed300000,0x00000000ed580000)
 ParOldGen       total 60416K, used 12567K [0x00000000c1c00000, 0x00000000c5700000, 0x00000000eb400000)
  object space 60416K, 20% used [0x00000000c1c00000,0x00000000c2845dd8,0x00000000c5700000)
 Metaspace       used 16991K, capacity 17262K, committed 17536K, reserved 1064960K
  class space    used 2036K, capacity 2111K, committed 2176K, reserved 1048576K
GC Heap History (6 events):
Event: 0.426 GC heap before
{Heap before GC invocations=1 (full 0):
 PSYoungGen      total 18944K, used 16384K [0x00000000eb400000, 0x00000000ec900000, 0x0000000100000000)
  eden space 16384K, 100% used [0x00000000eb400000,0x00000000ec400000,0x00000000ec400000)
  from space 2560K, 0% used [0x00000000ec680000,0x00000000ec680000,0x00000000ec900000)
  to   space 2560K, 0% used [0x00000000ec400000,0x00000000ec400000,0x00000000ec680000)
 ParOldGen       total 44032K, used 0K [0x00000000c1c00000, 0x00000000c4700000, 0x00000000eb400000)
  object space 44032K, 0% used [0x00000000c1c00000,0x00000000c1c00000,0x00000000c4700000)
 Metaspace       used 10940K, capacity 11144K, committed 11264K, reserved 1058816K
  class space    used 1380K, capacity 1450K, committed 1536K, reserved 1048576K
Event: 0.438 GC heap after
Heap after GC invocations=1 (full 0):
 PSYoungGen      total 18944K, used 2240K [0x00000000eb400000, 0x00000000ed900000, 0x0000000100000000)
  eden space 16384K, 0% used [0x00000000eb400000,0x00000000eb400000,0x00000000ec400000)
  from space 2560K, 87% used [0x00000000ec400000,0x00000000ec630020,0x00000000ec680000)
  to   space 2560K, 0% used [0x00000000ed680000,0x00000000ed680000,0x00000000ed900000)
 ParOldGen       total 44032K, used 24308K [0x00000000c1c00000, 0x00000000c4700000, 0x00000000eb400000)
  object space 44032K, 55% used [0x00000000c1c00000,0x00000000c33bd030,0x00000000c4700000)
 Metaspace       used 10940K, capacity 11144K, committed 11264K, reserved 1058816K
  class space    used 1380K, capacity 1450K, committed 1536K, reserved 1048576K
}
Event: 0.438 GC heap before
{Heap before GC invocations=2 (full 1):
 PSYoungGen      total 18944K, used 2240K [0x00000000eb400000, 0x00000000ed900000, 0x0000000100000000)
  eden space 16384K, 0% used [0x00000000eb400000,0x00000000eb400000,0x00000000ec400000)
  from space 2560K, 87% used [0x00000000ec400000,0x00000000ec630020,0x00000000ec680000)
  to   space 2560K, 0% used [0x00000000ed680000,0x00000000ed680000,0x00000000ed900000)
 ParOldGen       total 44032K, used 24308K [0x00000000c1c00000, 0x00000000c4700000, 0x00000000eb400000)
  object space 44032K, 55% used [0x00000000c1c00000,0x00000000c33bd030,0x00000000c4700000)
 Metaspace       used 10940K, capacity 11144K, committed 11264K, reserved 1058816K
  class space    used 1380K, capacity 1450K, committed 1536K, reserved 1048576K
Event: 0.454 GC heap after
Heap after GC invocations=2 (full 1):
 PSYoungGen      total 18944K, used 0K [0x00000000eb400000, 0x00000000ed900000, 0x0000000100000000)
  eden space 16384K, 0% used [0x00000000eb400000,0x00000000eb400000,0x00000000ec400000)
  from space 2560K, 0% used [0x00000000ec400000,0x00000000ec400000,0x00000000ec680000)
  to   space 2560K, 0% used [0x00000000ed680000,0x00000000ed680000,0x00000000ed900000)
 ParOldGen       total 60416K, used 10161K [0x00000000c1c00000, 0x00000000c5700000, 0x00000000eb400000)
  object space 60416K, 16% used [0x00000000c1c00000,0x00000000c25ec728,0x00000000c5700000)
 Metaspace       used 10940K, capacity 11144K, committed 11264K, reserved 1058816K
  class space    used 1380K, capacity 1450K, committed 1536K, reserved 1048576K
}
Event: 12.923 GC heap before
{Heap before GC invocations=3 (full 1):
 PSYoungGen      total 18944K, used 16384K [0x00000000eb400000, 0x00000000ed900000, 0x0000000100000000)
  eden space 16384K, 100% used [0x00000000eb400000,0x00000000ec400000,0x00000000ec400000)
  from space 2560K, 0% used [0x00000000ec400000,0x00000000ec400000,0x00000000ec680000)
  to   space 2560K, 0% used [0x00000000ed680000,0x00000000ed680000,0x00000000ed900000)
 ParOldGen       total 60416K, used 10161K [0x00000000c1c00000, 0x00000000c5700000, 0x00000000eb400000)
  object space 60416K, 16% used [0x00000000c1c00000,0x00000000c25ec728,0x00000000c5700000)
 Metaspace       used 13494K, capacity 13720K, committed 13824K, reserved 1060864K
  class space    used 1677K, capacity 1772K, committed 1792K, reserved 1048576K
Event: 12.930 GC heap after
Heap after GC invocations=3 (full 1):
 PSYoungGen      total 23040K, used 1178K [0x00000000eb400000, 0x00000000ed800000, 0x0000000100000000)
  eden space 21504K, 0% used [0x00000000eb400000,0x00000000eb400000,0x00000000ec900000)
  from space 1536K, 76% used [0x00000000ed680000,0x00000000ed7a6af8,0x00000000ed800000)
  to   space 2560K, 0% used [0x00000000ed300000,0x00000000ed300000,0x00000000ed580000)
 ParOldGen       total 60416K, used 12567K [0x00000000c1c00000, 0x00000000c5700000, 0x00000000eb400000)
  object space 60416K, 20% used [0x00000000c1c00000,0x00000000c2845dd8,0x00000000c5700000)
 Metaspace       used 13494K, capacity 13720K, committed 13824K, reserved 1060864K
  class space    used 1677K, capacity 1772K, committed 1792K, reserved 1048576K
}

