# JRE version: Java(TM) SE Runtime Environment (8.0_161-b12) (build 1.8.0_161-b12)
# Java VM: Java HotSpot(TM) 64-Bit Server VM (25.161-b12 mixed mode windows-amd64 compressed oops)
Heap:
 PSYoungGen      total 23552K, used 16935K [0x00000000eb400000, 0x00000000ed900000, 0x0000000100000000)
  eden space 20992K, 68% used [0x00000000eb400000,0x00000000ec20a570,0x00000000ec880000)
  from space 2560K, 99% used [0x00000000ed680000,0x00000000ed8ff6b0,0x00000000ed900000)
  to   space 2560K, 0% used [0x00000000ed400000,0x00000000ed400000,0x00000000ed680000)
 ParOldGen       total 61440K, used 16548K [0x00000000c1c00000, 0x00000000c5800000, 0x00000000eb400000)
  object space 61440K, 26% used [0x00000000c1c00000,0x00000000c2c29328,0x00000000c5800000)
 Metaspace       used 16804K, capacity 17070K, committed 17280K, reserved 1064960K
  class space    used 2040K, capacity 2111K, committed 2176K, reserved 1048576K
GC Heap History (6 events):
Event: 2.303 GC heap before
{Heap before GC invocations=1 (full 0):
 PSYoungGen      total 18944K, used 16384K [0x00000000eb400000, 0x00000000ec900000, 0x0000000100000000)
  eden space 16384K, 100% used [0x00000000eb400000,0x00000000ec400000,0x00000000ec400000)
  from space 2560K, 0% used [0x00000000ec680000,0x00000000ec680000,0x00000000ec900000)
  to   space 2560K, 0% used [0x00000000ec400000,0x00000000ec400000,0x00000000ec680000)
 ParOldGen       total 44032K, used 0K [0x00000000c1c00000, 0x00000000c4700000, 0x00000000eb400000)
  object space 44032K, 0% used [0x00000000c1c00000,0x00000000c1c00000,0x00000000c4700000)
 Metaspace       used 10958K, capacity 11148K, committed 11520K, reserved 1058816K
  class space    used 1381K, capacity 1450K, committed 1536K, reserved 1048576K
Event: 2.344 GC heap after
Heap after GC invocations=1 (full 0):
 PSYoungGen      total 18944K, used 2208K [0x00000000eb400000, 0x00000000ed900000, 0x0000000100000000)
  eden space 16384K, 0% used [0x00000000eb400000,0x00000000eb400000,0x00000000ec400000)
  from space 2560K, 86% used [0x00000000ec400000,0x00000000ec628020,0x00000000ec680000)
  to   space 2560K, 0% used [0x00000000ed680000,0x00000000ed680000,0x00000000ed900000)
 ParOldGen       total 44032K, used 24316K [0x00000000c1c00000, 0x00000000c4700000, 0x00000000eb400000)
  object space 44032K, 55% used [0x00000000c1c00000,0x00000000c33bf030,0x00000000c4700000)
 Metaspace       used 10958K, capacity 11148K, committed 11520K, reserved 1058816K
  class space    used 1381K, capacity 1450K, committed 1536K, reserved 1048576K
}
Event: 2.344 GC heap before
{Heap before GC invocations=2 (full 1):
 PSYoungGen      total 18944K, used 2208K [0x00000000eb400000, 0x00000000ed900000, 0x0000000100000000)
  eden space 16384K, 0% used [0x00000000eb400000,0x00000000eb400000,0x00000000ec400000)
  from space 2560K, 86% used [0x00000000ec400000,0x00000000ec628020,0x00000000ec680000)
  to   space 2560K, 0% used [0x00000000ed680000,0x00000000ed680000,0x00000000ed900000)
 ParOldGen       total 44032K, used 24316K [0x00000000c1c00000, 0x00000000c4700000, 0x00000000eb400000)
  object space 44032K, 55% used [0x00000000c1c00000,0x00000000c33bf030,0x00000000c4700000)
 Metaspace       used 10958K, capacity 11148K, committed 11520K, reserved 1058816K
  class space    used 1381K, capacity 1450K, committed 1536K, reserved 1048576K
Event: 2.412 GC heap after
Heap after GC invocations=2 (full 1):
 PSYoungGen      total 18944K, used 0K [0x00000000eb400000, 0x00000000ed900000, 0x0000000100000000)
  eden space 16384K, 0% used [0x00000000eb400000,0x00000000eb400000,0x00000000ec400000)
  from space 2560K, 0% used [0x00000000ec400000,0x00000000ec400000,0x00000000ec680000)
  to   space 2560K, 0% used [0x00000000ed680000,0x00000000ed680000,0x00000000ed900000)
 ParOldGen       total 61440K, used 10245K [0x00000000c1c00000, 0x00000000c5800000, 0x00000000eb400000)
  object space 61440K, 16% used [0x00000000c1c00000,0x00000000c26017b0,0x00000000c5800000)
 Metaspace       used 10958K, capacity 11148K, committed 11520K, reserved 1058816K
  class space    used 1381K, capacity 1450K, committed 1536K, reserved 1048576K
}
Event: 9.789 GC heap before
{Heap before GC invocations=3 (full 1):
 PSYoungGen      total 18944K, used 16384K [0x00000000eb400000, 0x00000000ed900000, 0x0000000100000000)
  eden space 16384K, 100% used [0x00000000eb400000,0x00000000ec400000,0x00000000ec400000)
  from space 2560K, 0% used [0x00000000ec400000,0x00000000ec400000,0x00000000ec680000)
  to   space 2560K, 0% used [0x00000000ed680000,0x00000000ed680000,0x00000000ed900000)
 ParOldGen       total 61440K, used 10245K [0x00000000c1c00000, 0x00000000c5800000, 0x00000000eb400000)
  object space 61440K, 16% used [0x00000000c1c00000,0x00000000c26017b0,0x00000000c5800000)
 Metaspace       used 14890K, capacity 15082K, committed 15232K, reserved 1062912K
  class space    used 1840K, capacity 1905K, committed 1920K, reserved 1048576K
Event: 9.803 GC heap after
Heap after GC invocations=3 (full 1):
 PSYoungGen      total 23552K, used 2557K [0x00000000eb400000, 0x00000000ed900000, 0x0000000100000000)
  eden space 20992K, 0% used [0x00000000eb400000,0x00000000eb400000,0x00000000ec880000)
  from space 2560K, 99% used [0x00000000ed680000,0x00000000ed8ff6b0,0x00000000ed900000)
  to   space 2560K, 0% used [0x00000000ed400000,0x00000000ed400000,0x00000000ed680000)
 ParOldGen       total 61440K, used 16548K [0x00000000c1c00000, 0x00000000c5800000, 0x00000000eb400000)
  object space 61440K, 26% used [0x00000000c1c00000,0x00000000c2c29328,0x00000000c5800000)
 Metaspace       used 14890K, capacity 15082K, committed 15232K, reserved 1062912K
  class space    used 1840K, capacity 1905K, committed 1920K, reserved 1048576K
}

